0 info it worked if it ends with ok
1 verbose cli [ '/usr/local/bin/node',
1 verbose cli   '/Users/kaspars/.npm-global/bin/npm',
1 verbose cli   'run',
1 verbose cli   'development' ]
2 info using npm@2.15.11
3 info using node@v7.10.0
4 verbose run-script [ 'predevelopment', 'development', 'postdevelopment' ]
5 info predevelopment media-library@1.0.0
6 info development media-library@1.0.0
7 verbose unsafe-perm in lifecycle true
8 info media-library@1.0.0 Failed to exec development script
9 verbose stack Error: media-library@1.0.0 development: `gulp`
9 verbose stack Exit status 1
9 verbose stack     at EventEmitter.<anonymous> (/Users/kaspars/.config/yarn/global/node_modules/npm/lib/utils/lifecycle.js:217:16)
9 verbose stack     at emitTwo (events.js:106:13)
9 verbose stack     at EventEmitter.emit (events.js:194:7)
9 verbose stack     at ChildProcess.<anonymous> (/Users/kaspars/.config/yarn/global/node_modules/npm/lib/utils/spawn.js:24:14)
9 verbose stack     at emitTwo (events.js:106:13)
9 verbose stack     at ChildProcess.emit (events.js:194:7)
9 verbose stack     at maybeClose (internal/child_process.js:899:16)
9 verbose stack     at Process.ChildProcess._handle.onexit (internal/child_process.js:226:5)
10 verbose pkgid media-library@1.0.0
11 verbose cwd /Library/WebServer/www/cms-transact-pro/vendor/vig/cms-bundle/src/Resources/public/media
12 error Darwin 16.6.0
13 error argv "/usr/local/bin/node" "/Users/kaspars/.npm-global/bin/npm" "run" "development"
14 error node v7.10.0
15 error npm  v2.15.11
16 error code ELIFECYCLE
17 error media-library@1.0.0 development: `gulp`
17 error Exit status 1
18 error Failed at the media-library@1.0.0 development script 'gulp'.
18 error This is most likely a problem with the media-library package,
18 error not with npm itself.
18 error Tell the author that this fails on your system:
18 error     gulp
18 error You can get information on how to open an issue for this project with:
18 error     npm bugs media-library
18 error Or if that isn't available, you can get their info via:
18 error
18 error     npm owner ls media-library
18 error There is likely additional logging output above.
19 verbose exit [ 1, true ]
